<?xml version="1.0" encoding="UTF-8"?>
<!-- Generated by org.testng.reporters.JUnitXMLReporter -->
<testsuite hostname="INBANRAMASEGO01" name="Default test" tests="4" failures="1" timestamp="2 Oct 2021 04:57:18 GMT" time="97.924" errors="0">
  <testcase name="gtnTMOurlTest" time="0.033" classname="com.gtn.qa.TestCases.JobDetailPageTestCase">
    <failure type="java.lang.AssertionError" message="Incorrect detail page Url expected [https://gtnrctp-tmo-1.gtncloud.com/static/index.html#/job_details/status/GTN_KTMnWh7ZEeynrwK240Q7Ow] but found [https://gtnrctp-tmo-1.gtncloud.com/static/index.html#/job_details/status/GTN_Zq7oUCM8EeynrwK240Q7Ow]">
      <![CDATA[java.lang.AssertionError: Incorrect detail page Url expected [https://gtnrctp-tmo-1.gtncloud.com/static/index.html#/job_details/status/GTN_KTMnWh7ZEeynrwK240Q7Ow] but found [https://gtnrctp-tmo-1.gtncloud.com/static/index.html#/job_details/status/GTN_Zq7oUCM8EeynrwK240Q7Ow]
	at org.testng.Assert.fail(Assert.java:94)
	at org.testng.Assert.failNotEquals(Assert.java:513)
	at org.testng.Assert.assertEqualsImpl(Assert.java:135)
	at org.testng.Assert.assertEquals(Assert.java:116)
	at org.testng.Assert.assertEquals(Assert.java:190)
	at com.gtn.qa.TestCases.JobDetailPageTestCase.gtnTMOurlTest(JobDetailPageTestCase.java:50)
	at sun.reflect.NativeMethodAccessorImpl.invoke0(Native Method)
	at sun.reflect.NativeMethodAccessorImpl.invoke(NativeMethodAccessorImpl.java:62)
	at sun.reflect.DelegatingMethodAccessorImpl.invoke(DelegatingMethodAccessorImpl.java:43)
	at java.lang.reflect.Method.invoke(Method.java:498)
	at org.testng.internal.MethodInvocationHelper.invokeMethod(MethodInvocationHelper.java:100)
	at org.testng.internal.Invoker.invokeMethod(Invoker.java:646)
	at org.testng.internal.Invoker.invokeTestMethod(Invoker.java:811)
	at org.testng.internal.Invoker.invokeTestMethods(Invoker.java:1137)
	at org.testng.internal.TestMethodWorker.invokeTestMethods(TestMethodWorker.java:129)
	at org.testng.internal.TestMethodWorker.run(TestMethodWorker.java:112)
	at org.testng.TestRunner.privateRun(TestRunner.java:753)
	at org.testng.TestRunner.run(TestRunner.java:607)
	at org.testng.SuiteRunner.runTest(SuiteRunner.java:368)
	at org.testng.SuiteRunner.runSequentially(SuiteRunner.java:363)
	at org.testng.SuiteRunner.privateRun(SuiteRunner.java:321)
	at org.testng.SuiteRunner.run(SuiteRunner.java:270)
	at org.testng.SuiteRunnerWorker.runSuite(SuiteRunnerWorker.java:52)
	at org.testng.SuiteRunnerWorker.run(SuiteRunnerWorker.java:86)
	at org.testng.TestNG.runSuitesSequentially(TestNG.java:1284)
	at org.testng.TestNG.runSuitesLocally(TestNG.java:1209)
	at org.testng.TestNG.runSuites(TestNG.java:1124)
	at org.testng.TestNG.run(TestNG.java:1096)
	at org.testng.remote.AbstractRemoteTestNG.run(AbstractRemoteTestNG.java:132)
	at org.testng.remote.RemoteTestNG.initAndRun(RemoteTestNG.java:236)
	at org.testng.remote.RemoteTestNG.main(RemoteTestNG.java:81)
]]>
    </failure>
  </testcase> <!-- gtnTMOurlTest -->
  <testcase name="titleTest" time="0.012" classname="com.gtn.qa.TestCases.JobDetailPageTestCase"/>
  <testcase name="gtnLogoTest" time="0.083" classname="com.gtn.qa.TestCases.JobDetailPageTestCase"/>
  <testcase name="tmoJobUploadDetailpageTest" time="12.015" classname="com.gtn.qa.TestCases.JobDetailPageTestCase"/>
</testsuite> <!-- Default test -->
